<?xml version="1.0" encoding="UTF-8"?>
<testng-results ignored="0" total="2" passed="2" failed="0" skipped="0">
  <reporter-output>
  </reporter-output>
  <suite started-at="2023-07-01T12:36:59 IST" name="Default suite" finished-at="2023-07-01T12:37:11 IST" duration-ms="11385">
    <groups>
    </groups>
    <test started-at="2023-07-01T12:36:59 IST" name="Default test" finished-at="2023-07-01T12:37:11 IST" duration-ms="11385">
      <class name="Runner_script.Datasheet">
        <test-method is-config="true" signature="oppenAppln()[pri:0, instance:Runner_script.Datasheet@273e7444]" started-at="2023-07-01T12:36:59 IST" name="oppenAppln" finished-at="2023-07-01T12:37:03 IST" duration-ms="3421" status="PASS">
          <reporter-output>
          </reporter-output>
        </test-method> <!-- oppenAppln -->
        <test-method signature="test(java.lang.String,java.lang.String)[pri:0, instance:Runner_script.Datasheet@273e7444]" started-at="2023-07-01T12:37:03 IST" name="test" data-provider="testdata" finished-at="2023-07-01T12:37:05 IST" duration-ms="2385" status="PASS">
          <params>
            <param index="0">
              <value>
                <![CDATA[gowri]]>
              </value>
            </param>
            <param index="1">
              <value>
                <![CDATA[gowri@123]]>
              </value>
            </param>
          </params>
          <reporter-output>
          </reporter-output>
        </test-method> <!-- test -->
        <test-method is-config="true" signature="closeAppln(org.testng.ITestResult)[pri:0, instance:Runner_script.Datasheet@273e7444]" started-at="2023-07-01T12:37:05 IST" name="closeAppln" finished-at="2023-07-01T12:37:05 IST" duration-ms="394" status="PASS">
          <params>
            <param index="0">
              <value>
                <![CDATA[[TestResult name=test status=SUCCESS method=Datasheet.test(java.lang.String,java.lang.String)[pri:0, instance:Runner_script.Datasheet@273e7444] output={null}]]]>
              </value>
            </param>
          </params>
          <reporter-output>
          </reporter-output>
        </test-method> <!-- closeAppln -->
        <test-method is-config="true" signature="oppenAppln()[pri:0, instance:Runner_script.Datasheet@273e7444]" started-at="2023-07-01T12:37:05 IST" name="oppenAppln" finished-at="2023-07-01T12:37:08 IST" duration-ms="2377" status="PASS">
          <reporter-output>
          </reporter-output>
        </test-method> <!-- oppenAppln -->
        <test-method signature="test(java.lang.String,java.lang.String)[pri:0, instance:Runner_script.Datasheet@273e7444]" started-at="2023-07-01T12:37:08 IST" name="test" data-provider="testdata" finished-at="2023-07-01T12:37:10 IST" duration-ms="2347" status="PASS">
          <params>
            <param index="0">
              <value>
                <![CDATA[Gowri]]>
              </value>
            </param>
            <param index="1">
              <value>
                <![CDATA[Gowro@3333]]>
              </value>
            </param>
          </params>
          <reporter-output>
          </reporter-output>
        </test-method> <!-- test -->
        <test-method is-config="true" signature="closeAppln(org.testng.ITestResult)[pri:0, instance:Runner_script.Datasheet@273e7444]" started-at="2023-07-01T12:37:10 IST" name="closeAppln" finished-at="2023-07-01T12:37:11 IST" duration-ms="364" status="PASS">
          <params>
            <param index="0">
              <value>
                <![CDATA[[TestResult name=test status=SUCCESS method=Datasheet.test(java.lang.String,java.lang.String)[pri:0, instance:Runner_script.Datasheet@273e7444] output={null}]]]>
              </value>
            </param>
          </params>
          <reporter-output>
          </reporter-output>
        </test-method> <!-- closeAppln -->
      </class> <!-- Runner_script.Datasheet -->
    </test> <!-- Default test -->
  </suite> <!-- Default suite -->
</testng-results>
